{"/mnt/c/Users/STD/401-projects/lab-00/pol.js": {"path":"/mnt/c/Users/STD/401-projects/lab-00/pol.js","statementMap":{"0":{"start":{"line":14,"column":16},"end":{"line":16,"column":1}},"1":{"start":{"line":15,"column":2},"end":{"line":15,"column":17}},"2":{"start":{"line":18,"column":0},"end":{"line":18,"column":27}}},"fnMap":{"0":{"name":"(anonymous_0)","decl":{"start":{"line":14,"column":16},"end":{"line":14,"column":17}},"loc":{"start":{"line":14,"column":39},"end":{"line":16,"column":1}},"line":14}},"branchMap":{"0":{"loc":{"start":{"line":14,"column":25},"end":{"line":14,"column":37}},"type":"default-arg","locations":[{"start":{"line":14,"column":32},"end":{"line":14,"column":37}}],"line":14}},"s":{"0":1,"1":2,"2":1},"f":{"0":2},"b":{"0":[1]},"_coverageSchema":"43e27e138ebf9cfc5966b082cf9a028302ed4184","hash":"041dbcf41fe01f993e7aea461b13a36c54dd3a48"}
}
